[2025-08-11 21:29:16] 等待 180 分钟后执行同步...
[2025-08-12 00:29:16] 执行定时同步...
[2025-08-12 00:29:16] 开始检查 content 文件夹变化...
[2025-08-12 00:29:16] 检测到 content 文件夹有变化，开始同步...
[2025-08-12 00:29:16] 变更的文件：
[2025-08-12 00:29:16]   - content/index.md
[main 8bf9fb5] 自动同步: 2025-08-12 00:29:16 更新 content 文件夹
 1 file changed, 2 insertions(+), 2 deletions(-)
[2025-08-12 00:29:16] 已提交更改：自动同步: 2025-08-12 00:29:16 更新 content 文件夹
[2025-08-12 00:29:16] 拉取最新更改...
error: cannot pull with rebase: You have unstaged changes.
error: please commit or stash them.
[2025-08-12 00:29:16] ⚠️  拉取失败，尝试合并...
From github.com:auroey/notes
 * branch            main       -> FETCH_HEAD
Already up to date.
[2025-08-12 00:29:21] 推送到远程仓库...
To github.com:auroey/notes.git
   4383f8b..8bf9fb5  main -> main
[2025-08-12 00:29:26] ✅ 成功推送到 GitHub
[2025-08-12 00:29:26] 同步完成！
[2025-08-12 00:29:26] ✅ 同步完成
[2025-08-12 00:29:27] 继续等待下次同步...
[2025-08-12 00:29:27] 等待 180 分钟后执行同步...
[2025-08-12 03:29:27] 执行定时同步...
[2025-08-12 03:29:27] 开始检查 content 文件夹变化...
[2025-08-12 03:29:27] content 文件夹没有变化，无需同步
[2025-08-12 03:29:27] ✅ 同步完成
[2025-08-12 03:29:27] 继续等待下次同步...
[2025-08-12 03:29:27] 等待 180 分钟后执行同步...
[2025-08-12 06:29:27] 执行定时同步...
[2025-08-12 06:29:27] 开始检查 content 文件夹变化...
[2025-08-12 06:29:27] content 文件夹没有变化，无需同步
[2025-08-12 06:29:27] ✅ 同步完成
[2025-08-12 06:29:27] 继续等待下次同步...
[2025-08-12 06:29:27] 等待 180 分钟后执行同步...
[2025-08-12 09:29:27] 执行定时同步...
[2025-08-12 09:29:27] 开始检查 content 文件夹变化...
[2025-08-12 09:29:27] content 文件夹没有变化，无需同步
[2025-08-12 09:29:27] ✅ 同步完成
[2025-08-12 09:29:27] 继续等待下次同步...
[2025-08-12 09:29:27] 等待 180 分钟后执行同步...
[2025-08-12 12:29:27] 执行定时同步...
[2025-08-12 12:29:28] 开始检查 content 文件夹变化...
[2025-08-12 12:29:28] content 文件夹没有变化，无需同步
[2025-08-12 12:29:28] ✅ 同步完成
[2025-08-12 12:29:28] 继续等待下次同步...
[2025-08-12 12:29:28] 等待 180 分钟后执行同步...
[2025-08-12 15:29:28] 执行定时同步...
[2025-08-12 15:29:28] 开始检查 content 文件夹变化...
[2025-08-12 15:29:28] content 文件夹没有变化，无需同步
[2025-08-12 15:29:28] ✅ 同步完成
[2025-08-12 15:29:28] 继续等待下次同步...
[2025-08-12 15:29:28] 等待 180 分钟后执行同步...
[2025-08-12 18:29:28] 执行定时同步...
[2025-08-12 18:29:28] 开始检查 content 文件夹变化...
[2025-08-12 18:29:28] content 文件夹没有变化，无需同步
[2025-08-12 18:29:28] ✅ 同步完成
[2025-08-12 18:29:28] 继续等待下次同步...
[2025-08-12 18:29:28] 等待 180 分钟后执行同步...
[2025-08-12 21:29:28] 执行定时同步...
[2025-08-12 21:29:28] 开始检查 content 文件夹变化...
[2025-08-12 21:29:28] content 文件夹没有变化，无需同步
[2025-08-12 21:29:28] ✅ 同步完成
[2025-08-12 21:29:28] 继续等待下次同步...
[2025-08-12 21:29:28] 等待 180 分钟后执行同步...
[2025-08-13 00:29:28] 执行定时同步...
[2025-08-13 00:29:28] 开始检查 content 文件夹变化...
[2025-08-13 00:29:28] content 文件夹没有变化，无需同步
[2025-08-13 00:29:28] ✅ 同步完成
[2025-08-13 00:29:28] 继续等待下次同步...
[2025-08-13 00:29:28] 等待 180 分钟后执行同步...
[2025-08-13 03:29:28] 执行定时同步...
[2025-08-13 03:29:29] 开始检查 content 文件夹变化...
[2025-08-13 03:29:29] content 文件夹没有变化，无需同步
[2025-08-13 03:29:29] ✅ 同步完成
[2025-08-13 03:29:29] 继续等待下次同步...
[2025-08-13 03:29:29] 等待 180 分钟后执行同步...
[2025-08-13 06:29:29] 执行定时同步...
[2025-08-13 06:29:29] 开始检查 content 文件夹变化...
[2025-08-13 06:29:29] content 文件夹没有变化，无需同步
[2025-08-13 06:29:29] ✅ 同步完成
[2025-08-13 06:29:29] 继续等待下次同步...
[2025-08-13 06:29:29] 等待 180 分钟后执行同步...
[2025-08-13 09:29:29] 执行定时同步...
[2025-08-13 09:29:29] 开始检查 content 文件夹变化...
[2025-08-13 09:29:29] content 文件夹没有变化，无需同步
[2025-08-13 09:29:29] ✅ 同步完成
[2025-08-13 09:29:29] 继续等待下次同步...
[2025-08-13 09:29:29] 等待 180 分钟后执行同步...
[2025-08-13 12:29:29] 执行定时同步...
[2025-08-13 12:29:29] 开始检查 content 文件夹变化...
[2025-08-13 12:29:29] content 文件夹没有变化，无需同步
[2025-08-13 12:29:29] ✅ 同步完成
[2025-08-13 12:29:29] 继续等待下次同步...
[2025-08-13 12:29:29] 等待 180 分钟后执行同步...
[2025-08-13 15:29:29] 执行定时同步...
[2025-08-13 15:29:30] 开始检查 content 文件夹变化...
[2025-08-13 15:29:30] content 文件夹没有变化，无需同步
[2025-08-13 15:29:30] ✅ 同步完成
[2025-08-13 15:29:30] 继续等待下次同步...
[2025-08-13 15:29:30] 等待 180 分钟后执行同步...
[2025-08-13 18:29:30] 执行定时同步...
[2025-08-13 18:29:30] 开始检查 content 文件夹变化...
[2025-08-13 18:29:30] content 文件夹没有变化，无需同步
[2025-08-13 18:29:30] ✅ 同步完成
[2025-08-13 18:29:30] 继续等待下次同步...
[2025-08-13 18:29:30] 等待 180 分钟后执行同步...
[2025-08-13 21:29:30] 执行定时同步...
[2025-08-13 21:29:30] 开始检查 content 文件夹变化...
[2025-08-13 21:29:30] content 文件夹没有变化，无需同步
[2025-08-13 21:29:30] ✅ 同步完成
[2025-08-13 21:29:30] 继续等待下次同步...
[2025-08-13 21:29:30] 等待 180 分钟后执行同步...
[2025-08-14 00:29:30] 执行定时同步...
[2025-08-14 00:29:30] 开始检查 content 文件夹变化...
[2025-08-14 00:29:30] content 文件夹没有变化，无需同步
[2025-08-14 00:29:30] ✅ 同步完成
[2025-08-14 00:29:30] 继续等待下次同步...
[2025-08-14 00:29:30] 等待 180 分钟后执行同步...
[2025-08-14 03:29:30] 执行定时同步...
[2025-08-14 03:29:31] 开始检查 content 文件夹变化...
[2025-08-14 03:29:31] content 文件夹没有变化，无需同步
[2025-08-14 03:29:31] ✅ 同步完成
[2025-08-14 03:29:31] 继续等待下次同步...
[2025-08-14 03:29:31] 等待 180 分钟后执行同步...
[2025-08-14 06:29:31] 执行定时同步...
[2025-08-14 06:29:31] 开始检查 content 文件夹变化...
[2025-08-14 06:29:31] content 文件夹没有变化，无需同步
[2025-08-14 06:29:31] ✅ 同步完成
[2025-08-14 06:29:31] 继续等待下次同步...
[2025-08-14 06:29:31] 等待 180 分钟后执行同步...
[2025-08-14 09:29:31] 执行定时同步...
[2025-08-14 09:29:31] 开始检查 content 文件夹变化...
[2025-08-14 09:29:31] content 文件夹没有变化，无需同步
[2025-08-14 09:29:31] ✅ 同步完成
[2025-08-14 09:29:31] 继续等待下次同步...
[2025-08-14 09:29:31] 等待 180 分钟后执行同步...
[2025-08-14 12:29:31] 执行定时同步...
[2025-08-14 12:29:31] 开始检查 content 文件夹变化...
[2025-08-14 12:29:31] content 文件夹没有变化，无需同步
[2025-08-14 12:29:31] ✅ 同步完成
[2025-08-14 12:29:31] 继续等待下次同步...
[2025-08-14 12:29:31] 等待 180 分钟后执行同步...
[2025-08-14 15:29:31] 执行定时同步...
[2025-08-14 15:29:31] 开始检查 content 文件夹变化...
[2025-08-14 15:29:31] content 文件夹没有变化，无需同步
[2025-08-14 15:29:31] ✅ 同步完成
[2025-08-14 15:29:31] 继续等待下次同步...
[2025-08-14 15:29:31] 等待 180 分钟后执行同步...
[2025-08-14 18:29:31] 执行定时同步...
[2025-08-14 18:29:32] 开始检查 content 文件夹变化...
[2025-08-14 18:29:32] content 文件夹没有变化，无需同步
[2025-08-14 18:29:32] ✅ 同步完成
[2025-08-14 18:29:32] 继续等待下次同步...
[2025-08-14 18:29:32] 等待 180 分钟后执行同步...
[2025-08-14 21:29:32] 执行定时同步...
[2025-08-14 21:29:32] 开始检查 content 文件夹变化...
[2025-08-14 21:29:32] content 文件夹没有变化，无需同步
[2025-08-14 21:29:32] ✅ 同步完成
[2025-08-14 21:29:32] 继续等待下次同步...
[2025-08-14 21:29:32] 等待 180 分钟后执行同步...
[2025-08-15 00:29:32] 执行定时同步...
[2025-08-15 00:29:32] 开始检查 content 文件夹变化...
[2025-08-15 00:29:32] content 文件夹没有变化，无需同步
[2025-08-15 00:29:32] ✅ 同步完成
[2025-08-15 00:29:32] 继续等待下次同步...
[2025-08-15 00:29:32] 等待 180 分钟后执行同步...
[2025-08-15 03:29:32] 执行定时同步...
[2025-08-15 03:29:33] 开始检查 content 文件夹变化...
[2025-08-15 03:29:33] content 文件夹没有变化，无需同步
[2025-08-15 03:29:33] ✅ 同步完成
[2025-08-15 03:29:33] 继续等待下次同步...
[2025-08-15 03:29:33] 等待 180 分钟后执行同步...
[2025-08-15 06:29:33] 执行定时同步...
[2025-08-15 06:29:33] 开始检查 content 文件夹变化...
[2025-08-15 06:29:33] content 文件夹没有变化，无需同步
[2025-08-15 06:29:33] ✅ 同步完成
[2025-08-15 06:29:33] 继续等待下次同步...
[2025-08-15 06:29:33] 等待 180 分钟后执行同步...
[2025-08-15 09:29:33] 执行定时同步...
[2025-08-15 09:29:33] 开始检查 content 文件夹变化...
[2025-08-15 09:29:33] content 文件夹没有变化，无需同步
[2025-08-15 09:29:33] ✅ 同步完成
[2025-08-15 09:29:33] 继续等待下次同步...
[2025-08-15 09:29:33] 等待 180 分钟后执行同步...
[2025-08-15 12:29:33] 执行定时同步...
[2025-08-15 12:29:33] 开始检查 content 文件夹变化...
[2025-08-15 12:29:34] content 文件夹没有变化，无需同步
[2025-08-15 12:29:34] ✅ 同步完成
[2025-08-15 12:29:34] 继续等待下次同步...
[2025-08-15 12:29:34] 等待 180 分钟后执行同步...
[2025-08-15 12:29:34] 等待 180 分钟后执行同步...
[2025-08-15 21:29:35] 执行定时同步...
[2025-08-15 21:29:35] ✅ 同步完成
[2025-08-15 21:29:35] 继续等待下次同步...
[2025-08-15 21:29:35] 等待 180 分钟后执行同步...
[2025-08-16 00:29:35] 执行定时同步...
[2025-08-16 00:29:36] ✅ 同步完成
[2025-08-16 00:29:36] 继续等待下次同步...
[2025-08-16 00:29:36] 等待 180 分钟后执行同步...
[2025-08-16 03:29:36] 执行定时同步...
[2025-08-16 03:29:36] ✅ 同步完成
[2025-08-16 03:29:36] 继续等待下次同步...
[2025-08-16 03:29:36] 等待 180 分钟后执行同步...
[2025-08-16 06:29:36] 执行定时同步...
[2025-08-16 06:29:36] ✅ 同步完成
[2025-08-16 06:29:36] 继续等待下次同步...
[2025-08-16 06:29:36] 等待 180 分钟后执行同步...
[2025-08-16 09:29:36] 执行定时同步...
[2025-08-16 09:29:37] ✅ 同步完成
[2025-08-16 09:29:37] 继续等待下次同步...
[2025-08-16 09:29:37] 等待 180 分钟后执行同步...
