[2025-08-11 21:22:17] 开始检查 content 文件夹变化...
[2025-08-11 21:22:17] content 文件夹没有变化，无需同步
[2025-08-11 21:22:35] 开始检查 content 文件夹变化...
[2025-08-11 21:22:35] content 文件夹没有变化，无需同步
[2025-08-11 21:23:09] 开始检查 content 文件夹变化...
[2025-08-11 21:23:09] 检测到 content 文件夹有变化，开始同步...
[2025-08-11 21:23:09] 变更的文件：
[2025-08-11 21:23:09]   - "content/\346\265\213\350\257\225\345\220\214\346\255\245.md"
[2025-08-11 21:23:09] 已提交更改：自动同步: 2025-08-11 21:23:09 更新 content 文件夹
[2025-08-11 21:23:09] 推送到远程仓库...
[2025-08-11 21:23:14] ❌ 推送失败
[2025-08-11 21:24:02] 开始检查 content 文件夹变化...
[2025-08-11 21:24:02] content 文件夹没有变化，无需同步
[2025-08-11 21:24:29] 开始检查 content 文件夹变化...
[2025-08-11 21:24:29] 检测到 content 文件夹有变化，开始同步...
[2025-08-11 21:24:29] 变更的文件：
[2025-08-11 21:24:29]   - "content/\346\234\200\347\273\210\346\265\213\350\257\225.md"
[2025-08-11 21:24:29] 已提交更改：自动同步: 2025-08-11 21:24:29 更新 content 文件夹
[2025-08-11 21:24:29] 拉取最新更改...
[2025-08-11 21:24:35] 推送到远程仓库...
[2025-08-11 21:24:39] ✅ 成功推送到 GitHub
[2025-08-11 21:24:39] 同步完成！
[2025-08-11 21:26:25] 开始检查 content 文件夹变化...
[2025-08-11 21:26:25] content 文件夹没有变化，无需同步
[2025-08-11 21:32:38] 开始检查 content 文件夹变化...
[2025-08-11 21:32:38] 检测到 content 文件夹有变化，开始同步...
[2025-08-11 21:32:38] 变更的文件：
[2025-08-11 21:32:38]   - content/3DV.md
[2025-08-11 21:32:38]   - content/index.md
[2025-08-11 21:32:38] 已提交更改：自动同步: 2025-08-11 21:32:38 更新 content 文件夹
[2025-08-11 21:32:38] 拉取最新更改...
[2025-08-11 21:32:43] 推送到远程仓库...
[2025-08-11 21:32:48] ✅ 成功推送到 GitHub
[2025-08-11 21:32:48] 同步完成！
